Start testing: Sep 23 16:37 India Standard Time
----------------------------------------------------------
1/1 Testing: VendingTests
1/1 Test: VendingTests
Command: "C:/Projects/Vending_Machine_Git/build/Debug/test_vending.exe"
Directory: C:/Projects/Vending_Machine_Git/build
"VendingTests" start time: Sep 23 16:37 India Standard Time
Output:
----------------------------------------------------------
Running automated unit tests...
Returning change (Rs. 5): 1x(Rs.5) 
Invalid denomination! We only accept Rs. 1, 2, 5, 10, 20.
CoinManager tests passed!
Product tests passed!
All tests passed successfully.
<end of output>
Test time =   0.11 sec
----------------------------------------------------------
Test Passed.
"VendingTests" end time: Sep 23 16:37 India Standard Time
"VendingTests" time elapsed: 00:00:00
----------------------------------------------------------

End testing: Sep 23 16:37 India Standard Time
